<?xml version="1.0" encoding="utf-8"?><testsuites name="pytest tests"><testsuite name="pytest" errors="0" failures="0" skipped="0" tests="18" time="2.574" timestamp="2026-03-23T00:12:04.291582+00:00" hostname="agent-env-70a2b665-b70a-41de-9f29-b8c10d1f1940"><testcase classname="tests.test_lead_management_api.TestHealthAndStatus" name="test_api_root_health" time="0.129" /><testcase classname="tests.test_lead_management_api.TestHealthAndStatus" name="test_automation_status" time="0.107" /><testcase classname="tests.test_lead_management_api.TestHealthAndStatus" name="test_notion_status" time="0.101" /><testcase classname="tests.test_lead_management_api.TestDashboardStats" name="test_dashboard_stats" time="0.116" /><testcase classname="tests.test_lead_management_api.TestClinicsAPI" name="test_get_clinics_list" time="0.114" /><testcase classname="tests.test_lead_management_api.TestClinicsAPI" name="test_get_clinics_with_limit" time="0.103" /><testcase classname="tests.test_lead_management_api.TestClinicsAPI" name="test_create_clinic" time="0.266" /><testcase classname="tests.test_lead_management_api.TestClinicsAPI" name="test_bulk_import_clinics" time="0.397" /><testcase classname="tests.test_lead_management_api.TestEmailAPI" name="test_email_stats" time="0.108" /><testcase classname="tests.test_lead_management_api.TestEmailAPI" name="test_email_queue" time="0.133" /><testcase classname="tests.test_lead_management_api.TestEmailAPI" name="test_email_queue_filtered" time="0.108" /><testcase classname="tests.test_lead_management_api.TestEmailAPI" name="test_email_accounts" time="0.143" /><testcase classname="tests.test_lead_management_api.TestContactsAPI" name="test_contacts_summary" time="0.118" /><testcase classname="tests.test_lead_management_api.TestContactsAPI" name="test_recent_contacts" time="0.104" /><testcase classname="tests.test_lead_management_api.TestDiscoveryAPI" name="test_discovery_status" time="0.120" /><testcase classname="tests.test_lead_management_api.TestDiscoveryAPI" name="test_trigger_discovery" time="0.110" /><testcase classname="tests.test_lead_management_api.TestPDFImportAPI" name="test_import_pdf_leads" time="0.106" /><testcase classname="tests.test_lead_management_api.TestWhatsAppAPI" name="test_bulk_whatsapp_endpoint" time="0.105" /></testsuite></testsuites>